  GameTask.cpp
C:\Users\タクミ\Desktop\新しいフォルダー (4)\3DPG RACE\GameTask.h(27,32): warning C4305:  '初期化中': 'double' から 'const float' へ切り詰めます。
C:\Users\タクミ\Desktop\新しいフォルダー (4)\3DPG RACE\GameTask.h(38,37): warning C4305:  '初期化中': 'double' から 'const float' へ切り詰めます。
C:\Users\タクミ\Desktop\新しいフォルダー (4)\3DPG RACE\GameTask.h(40,41): warning C4305:  '初期化中': 'double' から 'const float' へ切り詰めます。
C:\Users\タクミ\Desktop\新しいフォルダー (4)\3DPG RACE\GameTask.h(46,47): warning C4305:  '初期化中': 'double' から 'const float' へ切り詰めます。
C:\Users\タクミ\Desktop\新しいフォルダー (4)\3DPG RACE\GameTask.h(47,26): warning C4305:  '初期化中': 'double' から 'const float' へ切り詰めます。
C:\Users\タクミ\Desktop\新しいフォルダー (4)\3DPG RACE\GameTask.h(49,30): warning C4305:  '初期化中': 'double' から 'const float' へ切り詰めます。
C:\Users\タクミ\Desktop\新しいフォルダー (4)\3DPG RACE\GameTask.h(53,34): warning C4305:  '初期化中': 'double' から 'const float' へ切り詰めます。
C:\Users\タクミ\Desktop\新しいフォルダー (4)\3DPG RACE\GameTask.h(54,34): warning C4305:  '初期化中': 'double' から 'const float' へ切り詰めます。
C:\Users\タクミ\Desktop\新しいフォルダー (4)\3DPG RACE\GameTask.h(55,29): warning C4305:  '初期化中': 'double' から 'const float' へ切り詰めます。
C:\Users\タクミ\Desktop\新しいフォルダー (4)\3DPG RACE\GameTask.h(59,37): warning C4305:  '初期化中': 'double' から 'const float' へ切り詰めます。
C:\Users\タクミ\Desktop\新しいフォルダー (4)\3DPG RACE\GameTask.h(67,68): warning C4305:  '初期化中': 'double' から 'const float' へ切り詰めます。
C:\Users\タクミ\Desktop\新しいフォルダー (4)\3DPG RACE\GameTask.h(443,24): warning C4244:  '初期化中': 'float' から 'int' への変換です。データが失われる可能性があります。
C:\Users\タクミ\Desktop\新しいフォルダー (4)\3DPG RACE\GameTask.cpp(159,21): warning C4018:  '<': signed と unsigned の数値を比較しようとしました。
C:\Users\タクミ\Desktop\新しいフォルダー (4)\3DPG RACE\GameTask.cpp(180,18): warning C4018:  '<': signed と unsigned の数値を比較しようとしました。
C:\Users\タクミ\Desktop\新しいフォルダー (4)\3DPG RACE\GameTask.cpp(430,11): warning C4244:  '初期化中': 'float' から 'int' への変換です。データが失われる可能性があります。
C:\Program Files (x86)\Microsoft Visual Studio\2019\Community\VC\Tools\MSVC\14.22.27905\include\xtgmath.h(22,38): warning C4244:  '=': 'float' から 'int' への変換です。データが失われる可能性があります。
C:\Users\タクミ\Desktop\新しいフォルダー (4)\3DPG RACE\GameTask.cpp(536,29): warning C4244:  '=': 'float' から 'int' への変換です。データが失われる可能性があります。
C:\Users\タクミ\Desktop\新しいフォルダー (4)\3DPG RACE\GameTask.cpp(632,23): warning C4244:  '=': 'unsigned int' から 'float' への変換です。データが失われる可能性があります。
C:\Users\タクミ\Desktop\新しいフォルダー (4)\3DPG RACE\GameTask.cpp(631,8): warning C4101:  'data': ローカル変数は 1 度も使われていません。
C:\Users\タクミ\Desktop\新しいフォルダー (4)\3DPG RACE\GameTask.cpp(694,19): warning C4244:  '引数': 'float' から 'const unsigned int' への変換です。データが失われる可能性があります。
C:\Users\タクミ\Desktop\新しいフォルダー (4)\3DPG RACE\GameTask.cpp(696,20): warning C4018:  '<': signed と unsigned の数値を比較しようとしました。
  3DPG RACE.vcxproj -> C:\Users\タクミ\Desktop\新しいフォルダー (4)\3DPG RACE\Debug\3DPG RACE.exe
